<?xml version="1.0" encoding="UTF-8"?>
<!-- Generated by org.testng.reporters.JUnitReportReporter -->
<testsuite skipped="0" hostname="GanesH" name="runner.RunTest" tests="1" failures="0" timestamp="29 Jul 2023 15:12:48 GMT" time="20.701" errors="0">
  <testcase name="runScenario" time="20.701" classname="runner.RunTest"/>
</testsuite> <!-- runner.RunTest -->
